<?xml version="1.0" encoding="UTF-8"?>
<!-- Generated by org.testng.reporters.JUnitXMLReporter -->
<testsuite hostname="Abe-laptop" ignored="6" name="All Functionalities" tests="26" failures="4" timestamp="2022-06-11T14:45:52 CDT" time="618.958" errors="0">
  <testcase name="testAppleURL" time="5.4" classname="scripts._01_AppleTest"/>
  <testcase name="testMainHeader" time="18.32" classname="scripts._03_EtsyTest">
    <failure type="org.openqa.selenium.InvalidSelectorException" message="invalid selector: An invalid or illegal selector was specified
  (Session info: chrome=102.0.5005.63)
For documentation on this error, please visit: https://www.seleniumhq.org/exceptions/invalid_selector_exception.html
Build info: version: &amp;apos;3.141.59&amp;apos;, revision: &amp;apos;e82be7d358&amp;apos;, time: &amp;apos;2018-11-14T08:17:03&amp;apos;
System info: host: &amp;apos;ABE-LAPTOP&amp;apos;, ip: &amp;apos;192.168.165.137&amp;apos;, os.name: &amp;apos;Windows 10&amp;apos;, os.arch: &amp;apos;amd64&amp;apos;, os.version: &amp;apos;10.0&amp;apos;, java.version: &amp;apos;1.8.0_321&amp;apos;
Driver info: org.openqa.selenium.chrome.ChromeDriver
Capabilities {acceptInsecureCerts: false, browserName: chrome, browserVersion: 102.0.5005.63, chrome: {chromedriverVersion: 102.0.5005.61 (0e59bcc00cc4..., userDataDir: C:\Users\abrah\AppData\Loca...}, goog:chromeOptions: {debuggerAddress: localhost:50651}, javascriptEnabled: true, networkConnectionEnabled: false, pageLoadStrategy: normal, platform: WINDOWS, platformName: WINDOWS, proxy: Proxy(), setWindowRect: true, strictFileInteractability: false, timeouts: {implicit: 0, pageLoad: 300000, script: 30000}, unhandledPromptBehavior: dismiss and notify, webauthn:extension:credBlob: true, webauthn:extension:largeBlob: true, webauthn:virtualAuthenticators: true}
Session ID: 1a901f5a3cad67c11dd55c4302dafef5
*** Element info: {Using=css selector, value=ul[data-ui=&amp;apos;top-nav-category-list&amp;apos;]//span}">
      <![CDATA[org.openqa.selenium.InvalidSelectorException: invalid selector: An invalid or illegal selector was specified
  (Session info: chrome=102.0.5005.63)
For documentation on this error, please visit: https://www.seleniumhq.org/exceptions/invalid_selector_exception.html
Build info: version: '3.141.59', revision: 'e82be7d358', time: '2018-11-14T08:17:03'
System info: host: 'ABE-LAPTOP', ip: '192.168.165.137', os.name: 'Windows 10', os.arch: 'amd64', os.version: '10.0', java.version: '1.8.0_321'
Driver info: org.openqa.selenium.chrome.ChromeDriver
Capabilities {acceptInsecureCerts: false, browserName: chrome, browserVersion: 102.0.5005.63, chrome: {chromedriverVersion: 102.0.5005.61 (0e59bcc00cc4..., userDataDir: C:\Users\abrah\AppData\Loca...}, goog:chromeOptions: {debuggerAddress: localhost:50651}, javascriptEnabled: true, networkConnectionEnabled: false, pageLoadStrategy: normal, platform: WINDOWS, platformName: WINDOWS, proxy: Proxy(), setWindowRect: true, strictFileInteractability: false, timeouts: {implicit: 0, pageLoad: 300000, script: 30000}, unhandledPromptBehavior: dismiss and notify, webauthn:extension:credBlob: true, webauthn:extension:largeBlob: true, webauthn:virtualAuthenticators: true}
Session ID: 1a901f5a3cad67c11dd55c4302dafef5
*** Element info: {Using=css selector, value=ul[data-ui='top-nav-category-list']//span}
at org.openqa.selenium.remote.http.W3CHttpResponseCodec.createException(W3CHttpResponseCodec.java:187)
at org.openqa.selenium.remote.http.W3CHttpResponseCodec.decode(W3CHttpResponseCodec.java:122)
at org.openqa.selenium.remote.http.W3CHttpResponseCodec.decode(W3CHttpResponseCodec.java:49)
at org.openqa.selenium.remote.HttpCommandExecutor.execute(HttpCommandExecutor.java:158)
at org.openqa.selenium.remote.service.DriverCommandExecutor.execute(DriverCommandExecutor.java:83)
at org.openqa.selenium.remote.RemoteWebDriver.execute(RemoteWebDriver.java:552)
at org.openqa.selenium.remote.RemoteWebDriver.findElements(RemoteWebDriver.java:353)
at org.openqa.selenium.remote.RemoteWebDriver.findElementsByCssSelector(RemoteWebDriver.java:424)
at org.openqa.selenium.By$ByCssSelector.findElements(By.java:441)
at org.openqa.selenium.remote.RemoteWebDriver.findElements(RemoteWebDriver.java:311)
at org.openqa.selenium.support.pagefactory.DefaultElementLocator.findElements(DefaultElementLocator.java:85)
at org.openqa.selenium.support.pagefactory.internal.LocatingElementListHandler.invoke(LocatingElementListHandler.java:36)
at com.sun.proxy.$Proxy8.get(Unknown Source)
at scripts._03_EtsyTest.testMainHeader(_03_EtsyTest.java:93)
at java.util.ArrayList.forEach(ArrayList.java:1259)
... Removed 34 stack frames]]>
    </failure>
  </testcase> <!-- testMainHeader -->
  <testcase name="testGoogleStoreLink" time="4.024" classname="scripts._04_GoogleSearchTest"/>
  <testcase name="testCheckBoxInHeroApp" time="10.782" classname="scripts._05_CheckBoxTest"/>
  <testcase name="testFacebookGenderRadioButtons" time="29.344" classname="scripts._06_RadioButtonTest"/>
  <testcase name="testUnsecurePasswordErrorMessage" time="34.848" classname="scripts._07_DropdownTest"/>
  <testcase name="testExpediaDropdowns" time="61.901" classname="scripts._07_DropdownTest">
    <failure type="org.openqa.selenium.NoSuchElementException" message="no such element: Unable to locate element: {&amp;quot;method&amp;quot;:&amp;quot;css selector&amp;quot;,&amp;quot;selector&amp;quot;:&amp;quot;#preferred\-class\-input\-trigger&amp;quot;}
  (Session info: chrome=102.0.5005.63)
For documentation on this error, please visit: https://www.seleniumhq.org/exceptions/no_such_element.html
Build info: version: &amp;apos;3.141.59&amp;apos;, revision: &amp;apos;e82be7d358&amp;apos;, time: &amp;apos;2018-11-14T08:17:03&amp;apos;
System info: host: &amp;apos;ABE-LAPTOP&amp;apos;, ip: &amp;apos;192.168.165.137&amp;apos;, os.name: &amp;apos;Windows 10&amp;apos;, os.arch: &amp;apos;amd64&amp;apos;, os.version: &amp;apos;10.0&amp;apos;, java.version: &amp;apos;1.8.0_321&amp;apos;
Driver info: org.openqa.selenium.chrome.ChromeDriver
Capabilities {acceptInsecureCerts: false, browserName: chrome, browserVersion: 102.0.5005.63, chrome: {chromedriverVersion: 102.0.5005.61 (0e59bcc00cc4..., userDataDir: C:\Users\abrah\AppData\Loca...}, goog:chromeOptions: {debuggerAddress: localhost:54321}, javascriptEnabled: true, networkConnectionEnabled: false, pageLoadStrategy: normal, platform: WINDOWS, platformName: WINDOWS, proxy: Proxy(), setWindowRect: true, strictFileInteractability: false, timeouts: {implicit: 0, pageLoad: 300000, script: 30000}, unhandledPromptBehavior: dismiss and notify, webauthn:extension:credBlob: true, webauthn:extension:largeBlob: true, webauthn:virtualAuthenticators: true}
Session ID: 738a1399bd43f2df67f840a8850240cd
*** Element info: {Using=id, value=preferred-class-input-trigger}">
      <![CDATA[org.openqa.selenium.NoSuchElementException: no such element: Unable to locate element: {"method":"css selector","selector":"#preferred\-class\-input\-trigger"}
  (Session info: chrome=102.0.5005.63)
For documentation on this error, please visit: https://www.seleniumhq.org/exceptions/no_such_element.html
Build info: version: '3.141.59', revision: 'e82be7d358', time: '2018-11-14T08:17:03'
System info: host: 'ABE-LAPTOP', ip: '192.168.165.137', os.name: 'Windows 10', os.arch: 'amd64', os.version: '10.0', java.version: '1.8.0_321'
Driver info: org.openqa.selenium.chrome.ChromeDriver
Capabilities {acceptInsecureCerts: false, browserName: chrome, browserVersion: 102.0.5005.63, chrome: {chromedriverVersion: 102.0.5005.61 (0e59bcc00cc4..., userDataDir: C:\Users\abrah\AppData\Loca...}, goog:chromeOptions: {debuggerAddress: localhost:54321}, javascriptEnabled: true, networkConnectionEnabled: false, pageLoadStrategy: normal, platform: WINDOWS, platformName: WINDOWS, proxy: Proxy(), setWindowRect: true, strictFileInteractability: false, timeouts: {implicit: 0, pageLoad: 300000, script: 30000}, unhandledPromptBehavior: dismiss and notify, webauthn:extension:credBlob: true, webauthn:extension:largeBlob: true, webauthn:virtualAuthenticators: true}
Session ID: 738a1399bd43f2df67f840a8850240cd
*** Element info: {Using=id, value=preferred-class-input-trigger}
at org.openqa.selenium.remote.http.W3CHttpResponseCodec.createException(W3CHttpResponseCodec.java:187)
at org.openqa.selenium.remote.http.W3CHttpResponseCodec.decode(W3CHttpResponseCodec.java:122)
at org.openqa.selenium.remote.http.W3CHttpResponseCodec.decode(W3CHttpResponseCodec.java:49)
at org.openqa.selenium.remote.HttpCommandExecutor.execute(HttpCommandExecutor.java:158)
at org.openqa.selenium.remote.service.DriverCommandExecutor.execute(DriverCommandExecutor.java:83)
at org.openqa.selenium.remote.RemoteWebDriver.execute(RemoteWebDriver.java:552)
at org.openqa.selenium.remote.RemoteWebDriver.findElement(RemoteWebDriver.java:323)
at org.openqa.selenium.remote.RemoteWebDriver.findElementById(RemoteWebDriver.java:372)
at org.openqa.selenium.By$ById.findElement(By.java:188)
at org.openqa.selenium.remote.RemoteWebDriver.findElement(RemoteWebDriver.java:315)
at org.openqa.selenium.support.pagefactory.DefaultElementLocator.findElement(DefaultElementLocator.java:69)
at org.openqa.selenium.support.pagefactory.internal.LocatingElementHandler.invoke(LocatingElementHandler.java:38)
at com.sun.proxy.$Proxy7.click(Unknown Source)
at scripts._07_DropdownTest.testExpediaDropdowns(_07_DropdownTest.java:82)
at java.util.ArrayList.forEach(ArrayList.java:1259)
... Removed 34 stack frames]]>
    </failure>
  </testcase> <!-- testExpediaDropdowns -->
  <testcase name="testEbayDropdown" time="0.0" classname="scripts._07_DropdownTest"/>
  <testcase name="testEtsySignInModal" time="23.77" classname="scripts._08_Alerts">
    <failure type="java.lang.AssertionError" message="expected [true] but found [false]">
      <![CDATA[java.lang.AssertionError: expected [true] but found [false]
at scripts._08_Alerts.testEtsySignInModal(_08_Alerts.java:24)
at java.util.ArrayList.forEach(ArrayList.java:1259)
... Removed 34 stack frames]]>
    </failure>
  </testcase> <!-- testEtsySignInModal -->
  <testcase name="testInformationWarningAlert" time="3.102" classname="scripts._08_Alerts"/>
  <testcase name="testConfirmationAlert" time="17.832" classname="scripts._08_Alerts"/>
  <testcase name="testPromptAlert" time="16.889" classname="scripts._08_Alerts"/>
  <testcase name="testAmazonAddressModal" time="33.399" classname="scripts._08_Alerts">
    <failure type="java.lang.AssertionError" message="expected [true] but found [false]">
      <![CDATA[java.lang.AssertionError: expected [true] but found [false]
at scripts._08_Alerts.testAmazonAddressModal(_08_Alerts.java:152)
at java.util.ArrayList.forEach(ArrayList.java:1259)
... Removed 34 stack frames]]>
    </failure>
  </testcase> <!-- testAmazonAddressModal -->
  <testcase name="testIFrame1" time="12.186" classname="scripts._09_IFrames"/>
  <testcase name="testIFrame2" time="46.832" classname="scripts._09_IFrames"/>
  <testcase name="testTechGlobalSchoolFacebookIcon" time="4.767" classname="scripts._10_WindowHandles"/>
  <testcase name="heading3" time="3.395" classname="scripts._10_WindowHandles"/>
  <testcase name="testFileUpload1" time="13.487" classname="scripts._11_FileUpload"/>
  <testcase name="testFileDownload" time="3.241" classname="scripts._11_FileUpload"/>
  <testcase name="moveToElementPractice1" time="7.452" classname="scripts._12_Actions_Class"/>
  <testcase name="moveToElementPractice2" time="20.786" classname="scripts._12_Actions_Class"/>
  <testcase name="clickOnElementPractice" time="7.546" classname="scripts._12_Actions_Class"/>
  <testcase name="rightClickOnElementPractice" time="5.475" classname="scripts._12_Actions_Class"/>
  <testcase name="clickHoldAndReleasePractice" time="23.544" classname="scripts._12_Actions_Class"/>
  <testcase name="sendKeysToAnElement" time="25.575" classname="scripts._12_Actions_Class"/>
  <testcase name="practiceKeyDownAndKeyUp" time="15.848" classname="scripts._12_Actions_Class"/>
  <testcase name="testGoogleSearch" time="0.0" classname="scripts._04_GoogleSearchTest">
    <ignored/>
  </testcase> <!-- testGoogleSearch -->
  <testcase name="testEtsySearchResult" time="0.0" classname="scripts._03_EtsyTest">
    <ignored/>
  </testcase> <!-- testEtsySearchResult -->
  <testcase name="testAppleTitle" time="0.0" classname="scripts._01_AppleTest">
    <ignored/>
  </testcase> <!-- testAppleTitle -->
  <testcase name="testEtsySearch" time="0.0" classname="scripts._03_EtsyTest">
    <ignored/>
  </testcase> <!-- testEtsySearch -->
  <testcase name="X" time="0.0" classname="scripts._01_AppleTest">
    <ignored/>
  </testcase> <!-- X -->
  <testcase name="testEtsyLogo" time="0.0" classname="scripts._03_EtsyTest">
    <ignored/>
  </testcase> <!-- testEtsyLogo -->
</testsuite> <!-- All Functionalities -->
