<!DOCTYPE html PUBLIC "-//W3C//DTD XHTML 1.1//EN" "http://www.w3.org/TR/xhtml11/DTD/xhtml11.dtd">
<html xmlns="http://www.w3.org/1999/xhtml">
<head>
<meta http-equiv="content-type" content="text/html; charset=UTF-8"/>
<title>TestNG Report</title>
<style type="text/css">table {margin-bottom:10px;border-collapse:collapse;empty-cells:show}th,td {border:1px solid #009;padding:.25em .5em}th {vertical-align:bottom}td {vertical-align:top}table a {font-weight:bold}.stripe td {background-color: #E6EBF9}.num {text-align:right}.passedodd td {background-color: #3F3}.passedeven td {background-color: #0A0}.skippedodd td {background-color: #DDD}.skippedeven td {background-color: #CCC}.failedodd td,.attn {background-color: #F33}.failedeven td,.stripe .attn {background-color: #D00}.stacktrace {white-space:pre;font-family:monospace}.totop {font-size:85%;text-align:center;border-bottom:2px solid #000}.invisible {display:none}</style>
</head>
<body>
<table>
<tr><th>Test</th><th># Passed</th><th># Skipped</th><th># Retried</th><th># Failed</th><th>Time (ms)</th><th>Included Groups</th><th>Excluded Groups</th></tr>
<tr><th colspan="8">Regression</th></tr>
<tr><td><a href="#t0">All Functionalities</a></td><td class="num">22</td><td class="num">0</td><td class="num">0</td><td class="num attn">4</td><td class="num">618,958</td><td></td><td></td></tr>
</table>
<table id='summary'><thead><tr><th>Class</th><th>Method</th><th>Start</th><th>Time (ms)</th></tr></thead><tbody><tr><th colspan="4">Regression</th></tr></tbody><tbody id="t0"><tr><th colspan="4">All Functionalities &#8212; failed</th></tr><tr class="failedeven"><td rowspan="1">scripts._03_EtsyTest</td><td><a href="#m0">testMainHeader</a></td><td rowspan="1">1654976153543</td><td rowspan="1">18320</td></tr><tr class="failedodd"><td rowspan="1">scripts._07_DropdownTest</td><td><a href="#m1">testExpediaDropdowns</a></td><td rowspan="1">1654976280600</td><td rowspan="1">61901</td></tr><tr class="failedeven"><td rowspan="2">scripts._08_Alerts</td><td><a href="#m2">testAmazonAddressModal</a></td><td rowspan="1">1654976445650</td><td rowspan="1">33399</td></tr><tr class="failedeven"><td><a href="#m3">testEtsySignInModal</a></td><td rowspan="1">1654976354413</td><td rowspan="1">23770</td></tr><tr><th colspan="4">All Functionalities &#8212; passed</th></tr><tr class="passedeven"><td rowspan="1">scripts._01_AppleTest</td><td><a href="#m4">testAppleURL</a></td><td rowspan="1">1654976137750</td><td rowspan="1">5400</td></tr><tr class="passedodd"><td rowspan="1">scripts._04_GoogleSearchTest</td><td><a href="#m5">testGoogleStoreLink</a></td><td rowspan="1">1654976178017</td><td rowspan="1">4024</td></tr><tr class="passedeven"><td rowspan="1">scripts._05_CheckBoxTest</td><td><a href="#m6">testCheckBoxInHeroApp</a></td><td rowspan="1">1654976188048</td><td rowspan="1">10782</td></tr><tr class="passedodd"><td rowspan="1">scripts._06_RadioButtonTest</td><td><a href="#m7">testFacebookGenderRadioButtons</a></td><td rowspan="1">1654976204615</td><td rowspan="1">29344</td></tr><tr class="passedeven"><td rowspan="2">scripts._07_DropdownTest</td><td><a href="#m8">testEbayDropdown</a></td><td rowspan="1">1654976348607</td><td rowspan="1">0</td></tr><tr class="passedeven"><td><a href="#m9">testUnsecurePasswordErrorMessage</a></td><td rowspan="1">1654976239825</td><td rowspan="1">34848</td></tr><tr class="passedodd"><td rowspan="3">scripts._08_Alerts</td><td><a href="#m10">testConfirmationAlert</a></td><td rowspan="1">1654976399260</td><td rowspan="1">17832</td></tr><tr class="passedodd"><td><a href="#m11">testInformationWarningAlert</a></td><td rowspan="1">1654976390255</td><td rowspan="1">3102</td></tr><tr class="passedodd"><td><a href="#m12">testPromptAlert</a></td><td rowspan="1">1654976422908</td><td rowspan="1">16889</td></tr><tr class="passedeven"><td rowspan="2">scripts._09_IFrames</td><td><a href="#m13">testIFrame1</a></td><td rowspan="1">1654976485421</td><td rowspan="1">12186</td></tr><tr class="passedeven"><td><a href="#m14">testIFrame2</a></td><td rowspan="1">1654976503465</td><td rowspan="1">46832</td></tr><tr class="passedodd"><td rowspan="2">scripts._10_WindowHandles</td><td><a href="#m15">heading3</a></td><td rowspan="1">1654976567871</td><td rowspan="1">3395</td></tr><tr class="passedodd"><td><a href="#m16">testTechGlobalSchoolFacebookIcon</a></td><td rowspan="1">1654976556728</td><td rowspan="1">4767</td></tr><tr class="passedeven"><td rowspan="2">scripts._11_FileUpload</td><td><a href="#m17">testFileDownload</a></td><td rowspan="1">1654976596678</td><td rowspan="1">3241</td></tr><tr class="passedeven"><td><a href="#m18">testFileUpload1</a></td><td rowspan="1">1654976577184</td><td rowspan="1">13487</td></tr><tr class="passedodd"><td rowspan="7">scripts._12_Actions_Class</td><td><a href="#m19">clickHoldAndReleasePractice</a></td><td rowspan="1">1654976672035</td><td rowspan="1">23544</td></tr><tr class="passedodd"><td><a href="#m20">clickOnElementPractice</a></td><td rowspan="1">1654976646848</td><td rowspan="1">7546</td></tr><tr class="passedodd"><td><a href="#m21">moveToElementPractice1</a></td><td rowspan="1">1654976606054</td><td rowspan="1">7452</td></tr><tr class="passedodd"><td><a href="#m22">moveToElementPractice2</a></td><td rowspan="1">1654976619570</td><td rowspan="1">20786</td></tr><tr class="passedodd"><td><a href="#m23">practiceKeyDownAndKeyUp</a></td><td rowspan="1">1654976733330</td><td rowspan="1">15848</td></tr><tr class="passedodd"><td><a href="#m24">rightClickOnElementPractice</a></td><td rowspan="1">1654976660554</td><td rowspan="1">5475</td></tr><tr class="passedodd"><td><a href="#m25">sendKeysToAnElement</a></td><td rowspan="1">1654976701731</td><td rowspan="1">25575</td></tr></tbody>
</table>
<h2>All Functionalities</h2><h3 id="m0">scripts._03_EtsyTest#testMainHeader</h3><table class="result"><tr><th>Exception</th></tr><tr><td><div class="stacktrace">org.openqa.selenium.InvalidSelectorException: invalid selector: An invalid or illegal selector was specified
  (Session info: chrome=102.0.5005.63)
For documentation on this error, please visit: https://www.seleniumhq.org/exceptions/invalid_selector_exception.html
Build info: version: &apos;3.141.59&apos;, revision: &apos;e82be7d358&apos;, time: &apos;2018-11-14T08:17:03&apos;
System info: host: &apos;ABE-LAPTOP&apos;, ip: &apos;192.168.165.137&apos;, os.name: &apos;Windows 10&apos;, os.arch: &apos;amd64&apos;, os.version: &apos;10.0&apos;, java.version: &apos;1.8.0_321&apos;
Driver info: org.openqa.selenium.chrome.ChromeDriver
Capabilities {acceptInsecureCerts: false, browserName: chrome, browserVersion: 102.0.5005.63, chrome: {chromedriverVersion: 102.0.5005.61 (0e59bcc00cc4..., userDataDir: C:\Users\abrah\AppData\Loca...}, goog:chromeOptions: {debuggerAddress: localhost:50651}, javascriptEnabled: true, networkConnectionEnabled: false, pageLoadStrategy: normal, platform: WINDOWS, platformName: WINDOWS, proxy: Proxy(), setWindowRect: true, strictFileInteractability: false, timeouts: {implicit: 0, pageLoad: 300000, script: 30000}, unhandledPromptBehavior: dismiss and notify, webauthn:extension:credBlob: true, webauthn:extension:largeBlob: true, webauthn:virtualAuthenticators: true}
Session ID: 1a901f5a3cad67c11dd55c4302dafef5
*** Element info: {Using=css selector, value=ul[data-ui=&apos;top-nav-category-list&apos;]//span}
	at org.openqa.selenium.remote.http.W3CHttpResponseCodec.createException(W3CHttpResponseCodec.java:187)
	at org.openqa.selenium.remote.http.W3CHttpResponseCodec.decode(W3CHttpResponseCodec.java:122)
	at org.openqa.selenium.remote.http.W3CHttpResponseCodec.decode(W3CHttpResponseCodec.java:49)
	at org.openqa.selenium.remote.HttpCommandExecutor.execute(HttpCommandExecutor.java:158)
	at org.openqa.selenium.remote.service.DriverCommandExecutor.execute(DriverCommandExecutor.java:83)
	at org.openqa.selenium.remote.RemoteWebDriver.execute(RemoteWebDriver.java:552)
	at org.openqa.selenium.remote.RemoteWebDriver.findElements(RemoteWebDriver.java:353)
	at org.openqa.selenium.remote.RemoteWebDriver.findElementsByCssSelector(RemoteWebDriver.java:424)
	at org.openqa.selenium.By$ByCssSelector.findElements(By.java:441)
	at org.openqa.selenium.remote.RemoteWebDriver.findElements(RemoteWebDriver.java:311)
	at org.openqa.selenium.support.pagefactory.DefaultElementLocator.findElements(DefaultElementLocator.java:85)
	at org.openqa.selenium.support.pagefactory.internal.LocatingElementListHandler.invoke(LocatingElementListHandler.java:36)
	at com.sun.proxy.$Proxy8.get(Unknown Source)
	at scripts._03_EtsyTest.testMainHeader(_03_EtsyTest.java:93)
	at java.util.ArrayList.forEach(ArrayList.java:1259)
... Removed 34 stack frames</div></td></tr></table><p class="totop"><a href="#summary">back to summary</a></p>
<h3 id="m1">scripts._07_DropdownTest#testExpediaDropdowns</h3><table class="result"><tr><th>Exception</th></tr><tr><td><div class="stacktrace">org.openqa.selenium.NoSuchElementException: no such element: Unable to locate element: {&quot;method&quot;:&quot;css selector&quot;,&quot;selector&quot;:&quot;#preferred\-class\-input\-trigger&quot;}
  (Session info: chrome=102.0.5005.63)
For documentation on this error, please visit: https://www.seleniumhq.org/exceptions/no_such_element.html
Build info: version: &apos;3.141.59&apos;, revision: &apos;e82be7d358&apos;, time: &apos;2018-11-14T08:17:03&apos;
System info: host: &apos;ABE-LAPTOP&apos;, ip: &apos;192.168.165.137&apos;, os.name: &apos;Windows 10&apos;, os.arch: &apos;amd64&apos;, os.version: &apos;10.0&apos;, java.version: &apos;1.8.0_321&apos;
Driver info: org.openqa.selenium.chrome.ChromeDriver
Capabilities {acceptInsecureCerts: false, browserName: chrome, browserVersion: 102.0.5005.63, chrome: {chromedriverVersion: 102.0.5005.61 (0e59bcc00cc4..., userDataDir: C:\Users\abrah\AppData\Loca...}, goog:chromeOptions: {debuggerAddress: localhost:54321}, javascriptEnabled: true, networkConnectionEnabled: false, pageLoadStrategy: normal, platform: WINDOWS, platformName: WINDOWS, proxy: Proxy(), setWindowRect: true, strictFileInteractability: false, timeouts: {implicit: 0, pageLoad: 300000, script: 30000}, unhandledPromptBehavior: dismiss and notify, webauthn:extension:credBlob: true, webauthn:extension:largeBlob: true, webauthn:virtualAuthenticators: true}
Session ID: 738a1399bd43f2df67f840a8850240cd
*** Element info: {Using=id, value=preferred-class-input-trigger}
	at org.openqa.selenium.remote.http.W3CHttpResponseCodec.createException(W3CHttpResponseCodec.java:187)
	at org.openqa.selenium.remote.http.W3CHttpResponseCodec.decode(W3CHttpResponseCodec.java:122)
	at org.openqa.selenium.remote.http.W3CHttpResponseCodec.decode(W3CHttpResponseCodec.java:49)
	at org.openqa.selenium.remote.HttpCommandExecutor.execute(HttpCommandExecutor.java:158)
	at org.openqa.selenium.remote.service.DriverCommandExecutor.execute(DriverCommandExecutor.java:83)
	at org.openqa.selenium.remote.RemoteWebDriver.execute(RemoteWebDriver.java:552)
	at org.openqa.selenium.remote.RemoteWebDriver.findElement(RemoteWebDriver.java:323)
	at org.openqa.selenium.remote.RemoteWebDriver.findElementById(RemoteWebDriver.java:372)
	at org.openqa.selenium.By$ById.findElement(By.java:188)
	at org.openqa.selenium.remote.RemoteWebDriver.findElement(RemoteWebDriver.java:315)
	at org.openqa.selenium.support.pagefactory.DefaultElementLocator.findElement(DefaultElementLocator.java:69)
	at org.openqa.selenium.support.pagefactory.internal.LocatingElementHandler.invoke(LocatingElementHandler.java:38)
	at com.sun.proxy.$Proxy7.click(Unknown Source)
	at scripts._07_DropdownTest.testExpediaDropdowns(_07_DropdownTest.java:82)
	at java.util.ArrayList.forEach(ArrayList.java:1259)
... Removed 34 stack frames</div></td></tr></table><p class="totop"><a href="#summary">back to summary</a></p>
<h3 id="m2">scripts._08_Alerts#testAmazonAddressModal</h3><table class="result"><tr><th>Exception</th></tr><tr><td><div class="stacktrace">java.lang.AssertionError: expected [true] but found [false]
	at scripts._08_Alerts.testAmazonAddressModal(_08_Alerts.java:152)
	at java.util.ArrayList.forEach(ArrayList.java:1259)
... Removed 34 stack frames</div></td></tr></table><p class="totop"><a href="#summary">back to summary</a></p>
<h3 id="m3">scripts._08_Alerts#testEtsySignInModal</h3><table class="result"><tr><th>Exception</th></tr><tr><td><div class="stacktrace">java.lang.AssertionError: expected [true] but found [false]
	at scripts._08_Alerts.testEtsySignInModal(_08_Alerts.java:24)
	at java.util.ArrayList.forEach(ArrayList.java:1259)
... Removed 34 stack frames</div></td></tr></table><p class="totop"><a href="#summary">back to summary</a></p>
<h3 id="m4">scripts._01_AppleTest#testAppleURL</h3><table class="result"><tr><th class="invisible"/></tr></table><p class="totop"><a href="#summary">back to summary</a></p>
<h3 id="m5">scripts._04_GoogleSearchTest#testGoogleStoreLink</h3><table class="result"><tr><th class="invisible"/></tr></table><p class="totop"><a href="#summary">back to summary</a></p>
<h3 id="m6">scripts._05_CheckBoxTest#testCheckBoxInHeroApp</h3><table class="result"><tr><th class="invisible"/></tr></table><p class="totop"><a href="#summary">back to summary</a></p>
<h3 id="m7">scripts._06_RadioButtonTest#testFacebookGenderRadioButtons</h3><table class="result"><tr><th class="invisible"/></tr></table><p class="totop"><a href="#summary">back to summary</a></p>
<h3 id="m8">scripts._07_DropdownTest#testEbayDropdown</h3><table class="result"><tr><th class="invisible"/></tr></table><p class="totop"><a href="#summary">back to summary</a></p>
<h3 id="m9">scripts._07_DropdownTest#testUnsecurePasswordErrorMessage</h3><table class="result"><tr><th class="invisible"/></tr></table><p class="totop"><a href="#summary">back to summary</a></p>
<h3 id="m10">scripts._08_Alerts#testConfirmationAlert</h3><table class="result"><tr><th class="invisible"/></tr></table><p class="totop"><a href="#summary">back to summary</a></p>
<h3 id="m11">scripts._08_Alerts#testInformationWarningAlert</h3><table class="result"><tr><th class="invisible"/></tr></table><p class="totop"><a href="#summary">back to summary</a></p>
<h3 id="m12">scripts._08_Alerts#testPromptAlert</h3><table class="result"><tr><th class="invisible"/></tr></table><p class="totop"><a href="#summary">back to summary</a></p>
<h3 id="m13">scripts._09_IFrames#testIFrame1</h3><table class="result"><tr><th class="invisible"/></tr></table><p class="totop"><a href="#summary">back to summary</a></p>
<h3 id="m14">scripts._09_IFrames#testIFrame2</h3><table class="result"><tr><th class="invisible"/></tr></table><p class="totop"><a href="#summary">back to summary</a></p>
<h3 id="m15">scripts._10_WindowHandles#heading3</h3><table class="result"><tr><th class="invisible"/></tr></table><p class="totop"><a href="#summary">back to summary</a></p>
<h3 id="m16">scripts._10_WindowHandles#testTechGlobalSchoolFacebookIcon</h3><table class="result"><tr><th class="invisible"/></tr></table><p class="totop"><a href="#summary">back to summary</a></p>
<h3 id="m17">scripts._11_FileUpload#testFileDownload</h3><table class="result"><tr><th class="invisible"/></tr></table><p class="totop"><a href="#summary">back to summary</a></p>
<h3 id="m18">scripts._11_FileUpload#testFileUpload1</h3><table class="result"><tr><th class="invisible"/></tr></table><p class="totop"><a href="#summary">back to summary</a></p>
<h3 id="m19">scripts._12_Actions_Class#clickHoldAndReleasePractice</h3><table class="result"><tr><th class="invisible"/></tr></table><p class="totop"><a href="#summary">back to summary</a></p>
<h3 id="m20">scripts._12_Actions_Class#clickOnElementPractice</h3><table class="result"><tr><th class="invisible"/></tr></table><p class="totop"><a href="#summary">back to summary</a></p>
<h3 id="m21">scripts._12_Actions_Class#moveToElementPractice1</h3><table class="result"><tr><th class="invisible"/></tr></table><p class="totop"><a href="#summary">back to summary</a></p>
<h3 id="m22">scripts._12_Actions_Class#moveToElementPractice2</h3><table class="result"><tr><th class="invisible"/></tr></table><p class="totop"><a href="#summary">back to summary</a></p>
<h3 id="m23">scripts._12_Actions_Class#practiceKeyDownAndKeyUp</h3><table class="result"><tr><th class="invisible"/></tr></table><p class="totop"><a href="#summary">back to summary</a></p>
<h3 id="m24">scripts._12_Actions_Class#rightClickOnElementPractice</h3><table class="result"><tr><th class="invisible"/></tr></table><p class="totop"><a href="#summary">back to summary</a></p>
<h3 id="m25">scripts._12_Actions_Class#sendKeysToAnElement</h3><table class="result"><tr><th class="invisible"/></tr></table><p class="totop"><a href="#summary">back to summary</a></p>
</body>
</html>
