<?xml version="1.0" encoding="UTF-8"?>
<testng-results skipped="0" failed="4" ignored="6" total="32" passed="22">
  <reporter-output>
  </reporter-output>
  <suite name="Regression" duration-ms="618958" started-at="2022-06-11T14:35:33 CDT" finished-at="2022-06-11T14:45:52 CDT">
    <groups>
    </groups>
    <test name="All Functionalities" duration-ms="618958" started-at="2022-06-11T14:35:33 CDT" finished-at="2022-06-11T14:45:52 CDT">
      <class name="scripts._03_EtsyTest">
        <test-method status="PASS" signature="setup()[pri:0, instance:scripts._03_EtsyTest@490ab905]" name="setup" is-config="true" duration-ms="2175" started-at="2022-06-11T14:35:51 CDT" finished-at="2022-06-11T14:35:53 CDT">
          <reporter-output>
          </reporter-output>
        </test-method> <!-- setup -->
        <test-method status="FAIL" signature="testMainHeader()[pri:4, instance:scripts._03_EtsyTest@490ab905]" name="testMainHeader" duration-ms="18320" started-at="2022-06-11T14:35:53 CDT" description="TC905: Validate Etsy main header" finished-at="2022-06-11T14:36:11 CDT">
          <exception class="org.openqa.selenium.InvalidSelectorException">
            <message>
              <![CDATA[invalid selector: An invalid or illegal selector was specified
  (Session info: chrome=102.0.5005.63)
For documentation on this error, please visit: https://www.seleniumhq.org/exceptions/invalid_selector_exception.html
Build info: version: '3.141.59', revision: 'e82be7d358', time: '2018-11-14T08:17:03'
System info: host: 'ABE-LAPTOP', ip: '192.168.165.137', os.name: 'Windows 10', os.arch: 'amd64', os.version: '10.0', java.version: '1.8.0_321'
Driver info: org.openqa.selenium.chrome.ChromeDriver
Capabilities {acceptInsecureCerts: false, browserName: chrome, browserVersion: 102.0.5005.63, chrome: {chromedriverVersion: 102.0.5005.61 (0e59bcc00cc4..., userDataDir: C:\Users\abrah\AppData\Loca...}, goog:chromeOptions: {debuggerAddress: localhost:50651}, javascriptEnabled: true, networkConnectionEnabled: false, pageLoadStrategy: normal, platform: WINDOWS, platformName: WINDOWS, proxy: Proxy(), setWindowRect: true, strictFileInteractability: false, timeouts: {implicit: 0, pageLoad: 300000, script: 30000}, unhandledPromptBehavior: dismiss and notify, webauthn:extension:credBlob: true, webauthn:extension:largeBlob: true, webauthn:virtualAuthenticators: true}
Session ID: 1a901f5a3cad67c11dd55c4302dafef5
*** Element info: {Using=css selector, value=ul[data-ui='top-nav-category-list']//span}]]>
            </message>
            <full-stacktrace>
              <![CDATA[org.openqa.selenium.InvalidSelectorException: invalid selector: An invalid or illegal selector was specified
  (Session info: chrome=102.0.5005.63)
For documentation on this error, please visit: https://www.seleniumhq.org/exceptions/invalid_selector_exception.html
Build info: version: '3.141.59', revision: 'e82be7d358', time: '2018-11-14T08:17:03'
System info: host: 'ABE-LAPTOP', ip: '192.168.165.137', os.name: 'Windows 10', os.arch: 'amd64', os.version: '10.0', java.version: '1.8.0_321'
Driver info: org.openqa.selenium.chrome.ChromeDriver
Capabilities {acceptInsecureCerts: false, browserName: chrome, browserVersion: 102.0.5005.63, chrome: {chromedriverVersion: 102.0.5005.61 (0e59bcc00cc4..., userDataDir: C:\Users\abrah\AppData\Loca...}, goog:chromeOptions: {debuggerAddress: localhost:50651}, javascriptEnabled: true, networkConnectionEnabled: false, pageLoadStrategy: normal, platform: WINDOWS, platformName: WINDOWS, proxy: Proxy(), setWindowRect: true, strictFileInteractability: false, timeouts: {implicit: 0, pageLoad: 300000, script: 30000}, unhandledPromptBehavior: dismiss and notify, webauthn:extension:credBlob: true, webauthn:extension:largeBlob: true, webauthn:virtualAuthenticators: true}
Session ID: 1a901f5a3cad67c11dd55c4302dafef5
*** Element info: {Using=css selector, value=ul[data-ui='top-nav-category-list']//span}
at sun.reflect.NativeConstructorAccessorImpl.newInstance0(Native Method)
at sun.reflect.NativeConstructorAccessorImpl.newInstance(NativeConstructorAccessorImpl.java:62)
at sun.reflect.DelegatingConstructorAccessorImpl.newInstance(DelegatingConstructorAccessorImpl.java:45)
at java.lang.reflect.Constructor.newInstance(Constructor.java:423)
at org.openqa.selenium.remote.http.W3CHttpResponseCodec.createException(W3CHttpResponseCodec.java:187)
at org.openqa.selenium.remote.http.W3CHttpResponseCodec.decode(W3CHttpResponseCodec.java:122)
at org.openqa.selenium.remote.http.W3CHttpResponseCodec.decode(W3CHttpResponseCodec.java:49)
at org.openqa.selenium.remote.HttpCommandExecutor.execute(HttpCommandExecutor.java:158)
at org.openqa.selenium.remote.service.DriverCommandExecutor.execute(DriverCommandExecutor.java:83)
at org.openqa.selenium.remote.RemoteWebDriver.execute(RemoteWebDriver.java:552)
at org.openqa.selenium.remote.RemoteWebDriver.findElements(RemoteWebDriver.java:353)
at org.openqa.selenium.remote.RemoteWebDriver.findElementsByCssSelector(RemoteWebDriver.java:424)
at org.openqa.selenium.By$ByCssSelector.findElements(By.java:441)
at org.openqa.selenium.remote.RemoteWebDriver.findElements(RemoteWebDriver.java:311)
at org.openqa.selenium.support.pagefactory.DefaultElementLocator.findElements(DefaultElementLocator.java:85)
at org.openqa.selenium.support.pagefactory.internal.LocatingElementListHandler.invoke(LocatingElementListHandler.java:36)
at com.sun.proxy.$Proxy8.get(Unknown Source)
at scripts._03_EtsyTest.testMainHeader(_03_EtsyTest.java:93)
at sun.reflect.NativeMethodAccessorImpl.invoke0(Native Method)
at sun.reflect.NativeMethodAccessorImpl.invoke(NativeMethodAccessorImpl.java:62)
at sun.reflect.DelegatingMethodAccessorImpl.invoke(DelegatingMethodAccessorImpl.java:43)
at java.lang.reflect.Method.invoke(Method.java:498)
at org.testng.internal.MethodInvocationHelper.invokeMethod(MethodInvocationHelper.java:134)
at org.testng.internal.TestInvoker.invokeMethod(TestInvoker.java:597)
at org.testng.internal.TestInvoker.invokeTestMethod(TestInvoker.java:173)
at org.testng.internal.MethodRunner.runInSequence(MethodRunner.java:46)
at org.testng.internal.TestInvoker$MethodInvocationAgent.invoke(TestInvoker.java:816)
at org.testng.internal.TestInvoker.invokeTestMethods(TestInvoker.java:146)
at org.testng.internal.TestMethodWorker.invokeTestMethods(TestMethodWorker.java:146)
at org.testng.internal.TestMethodWorker.run(TestMethodWorker.java:128)
at java.util.ArrayList.forEach(ArrayList.java:1259)
at org.testng.TestRunner.privateRun(TestRunner.java:766)
at org.testng.TestRunner.run(TestRunner.java:587)
at org.testng.SuiteRunner.runTest(SuiteRunner.java:384)
at org.testng.SuiteRunner.runSequentially(SuiteRunner.java:378)
at org.testng.SuiteRunner.privateRun(SuiteRunner.java:337)
at org.testng.SuiteRunner.run(SuiteRunner.java:286)
at org.testng.SuiteRunnerWorker.runSuite(SuiteRunnerWorker.java:53)
at org.testng.SuiteRunnerWorker.run(SuiteRunnerWorker.java:96)
at org.testng.TestNG.runSuitesSequentially(TestNG.java:1187)
at org.testng.TestNG.runSuitesLocally(TestNG.java:1109)
at org.testng.TestNG.runSuites(TestNG.java:1039)
at org.testng.TestNG.run(TestNG.java:1007)
at org.apache.maven.surefire.testng.TestNGExecutor.run(TestNGExecutor.java:281)
at org.apache.maven.surefire.testng.TestNGXmlTestSuite.execute(TestNGXmlTestSuite.java:75)
at org.apache.maven.surefire.testng.TestNGProvider.invoke(TestNGProvider.java:121)
at org.apache.maven.surefire.booter.ForkedBooter.invokeProviderInSameClassLoader(ForkedBooter.java:290)
at org.apache.maven.surefire.booter.ForkedBooter.runSuitesInProcess(ForkedBooter.java:242)
at org.apache.maven.surefire.booter.ForkedBooter.main(ForkedBooter.java:121)
]]>
            </full-stacktrace>
          </exception> <!-- org.openqa.selenium.InvalidSelectorException -->
          <reporter-output>
          </reporter-output>
        </test-method> <!-- testMainHeader -->
        <test-method status="PASS" signature="teardown()[pri:0, instance:scripts._03_EtsyTest@490ab905]" name="teardown" is-config="true" duration-ms="3857" started-at="2022-06-11T14:36:11 CDT" finished-at="2022-06-11T14:36:15 CDT">
          <reporter-output>
          </reporter-output>
        </test-method> <!-- teardown -->
      </class> <!-- scripts._03_EtsyTest -->
      <class name="scripts._11_FileUpload">
        <test-method status="PASS" signature="setup()[pri:0, instance:scripts._11_FileUpload@cb644e]" name="setup" is-config="true" duration-ms="2193" started-at="2022-06-11T14:42:54 CDT" finished-at="2022-06-11T14:42:57 CDT">
          <reporter-output>
          </reporter-output>
        </test-method> <!-- setup -->
        <test-method status="PASS" signature="testFileUpload1()[pri:1, instance:scripts._11_FileUpload@cb644e]" name="testFileUpload1" duration-ms="13487" started-at="2022-06-11T14:42:57 CDT" description="File Upload" finished-at="2022-06-11T14:43:10 CDT">
          <reporter-output>
          </reporter-output>
        </test-method> <!-- testFileUpload1 -->
        <test-method status="PASS" signature="teardown()[pri:0, instance:scripts._11_FileUpload@cb644e]" name="teardown" is-config="true" duration-ms="3726" started-at="2022-06-11T14:43:10 CDT" finished-at="2022-06-11T14:43:14 CDT">
          <reporter-output>
          </reporter-output>
        </test-method> <!-- teardown -->
        <test-method status="PASS" signature="setup()[pri:0, instance:scripts._11_FileUpload@cb644e]" name="setup" is-config="true" duration-ms="2279" started-at="2022-06-11T14:43:14 CDT" finished-at="2022-06-11T14:43:16 CDT">
          <reporter-output>
          </reporter-output>
        </test-method> <!-- setup -->
        <test-method status="PASS" signature="testFileDownload()[pri:2, instance:scripts._11_FileUpload@cb644e]" name="testFileDownload" duration-ms="3241" started-at="2022-06-11T14:43:16 CDT" description="File Download" finished-at="2022-06-11T14:43:19 CDT">
          <reporter-output>
          </reporter-output>
        </test-method> <!-- testFileDownload -->
        <test-method status="PASS" signature="teardown()[pri:0, instance:scripts._11_FileUpload@cb644e]" name="teardown" is-config="true" duration-ms="3858" started-at="2022-06-11T14:43:19 CDT" finished-at="2022-06-11T14:43:23 CDT">
          <reporter-output>
          </reporter-output>
        </test-method> <!-- teardown -->
      </class> <!-- scripts._11_FileUpload -->
      <class name="scripts._09_IFrames">
        <test-method status="PASS" signature="setup()[pri:0, instance:scripts._09_IFrames@6e1567f1]" name="setup" is-config="true" duration-ms="2612" started-at="2022-06-11T14:41:22 CDT" finished-at="2022-06-11T14:41:25 CDT">
          <reporter-output>
          </reporter-output>
        </test-method> <!-- setup -->
        <test-method status="PASS" signature="testIFrame1()[pri:1, instance:scripts._09_IFrames@6e1567f1]" name="testIFrame1" duration-ms="12186" started-at="2022-06-11T14:41:25 CDT" finished-at="2022-06-11T14:41:37 CDT">
          <reporter-output>
          </reporter-output>
        </test-method> <!-- testIFrame1 -->
        <test-method status="PASS" signature="teardown()[pri:0, instance:scripts._09_IFrames@6e1567f1]" name="teardown" is-config="true" duration-ms="3735" started-at="2022-06-11T14:41:37 CDT" finished-at="2022-06-11T14:41:41 CDT">
          <reporter-output>
          </reporter-output>
        </test-method> <!-- teardown -->
        <test-method status="PASS" signature="setup()[pri:0, instance:scripts._09_IFrames@6e1567f1]" name="setup" is-config="true" duration-ms="2122" started-at="2022-06-11T14:41:41 CDT" finished-at="2022-06-11T14:41:43 CDT">
          <reporter-output>
          </reporter-output>
        </test-method> <!-- setup -->
        <test-method status="PASS" signature="testIFrame2()[pri:2, instance:scripts._09_IFrames@6e1567f1]" name="testIFrame2" duration-ms="46832" started-at="2022-06-11T14:41:43 CDT" finished-at="2022-06-11T14:42:30 CDT">
          <reporter-output>
          </reporter-output>
        </test-method> <!-- testIFrame2 -->
        <test-method status="PASS" signature="teardown()[pri:0, instance:scripts._09_IFrames@6e1567f1]" name="teardown" is-config="true" duration-ms="3817" started-at="2022-06-11T14:42:30 CDT" finished-at="2022-06-11T14:42:34 CDT">
          <reporter-output>
          </reporter-output>
        </test-method> <!-- teardown -->
      </class> <!-- scripts._09_IFrames -->
      <class name="scripts._07_DropdownTest">
        <test-method status="PASS" signature="setup()[pri:0, instance:scripts._07_DropdownTest@6e06451e]" name="setup" is-config="true" duration-ms="2142" started-at="2022-06-11T14:37:17 CDT" finished-at="2022-06-11T14:37:19 CDT">
          <reporter-output>
          </reporter-output>
        </test-method> <!-- setup -->
        <test-method status="PASS" signature="testUnsecurePasswordErrorMessage()[pri:1, instance:scripts._07_DropdownTest@6e06451e]" name="testUnsecurePasswordErrorMessage" duration-ms="34848" started-at="2022-06-11T14:37:19 CDT" description="TC763: Validate FaceBook sign in error message for password" finished-at="2022-06-11T14:37:54 CDT">
          <reporter-output>
          </reporter-output>
        </test-method> <!-- testUnsecurePasswordErrorMessage -->
        <test-method status="PASS" signature="teardown()[pri:0, instance:scripts._07_DropdownTest@6e06451e]" name="teardown" is-config="true" duration-ms="3785" started-at="2022-06-11T14:37:54 CDT" finished-at="2022-06-11T14:37:58 CDT">
          <reporter-output>
          </reporter-output>
        </test-method> <!-- teardown -->
        <test-method status="PASS" signature="setup()[pri:0, instance:scripts._07_DropdownTest@6e06451e]" name="setup" is-config="true" duration-ms="2142" started-at="2022-06-11T14:37:58 CDT" finished-at="2022-06-11T14:38:00 CDT">
          <reporter-output>
          </reporter-output>
        </test-method> <!-- setup -->
        <test-method status="FAIL" signature="testExpediaDropdowns()[pri:2, instance:scripts._07_DropdownTest@6e06451e]" name="testExpediaDropdowns" duration-ms="61901" started-at="2022-06-11T14:38:00 CDT" description="TC578: Validate Expedia dropdowns" finished-at="2022-06-11T14:39:02 CDT">
          <exception class="org.openqa.selenium.NoSuchElementException">
            <message>
              <![CDATA[no such element: Unable to locate element: {"method":"css selector","selector":"#preferred\-class\-input\-trigger"}
  (Session info: chrome=102.0.5005.63)
For documentation on this error, please visit: https://www.seleniumhq.org/exceptions/no_such_element.html
Build info: version: '3.141.59', revision: 'e82be7d358', time: '2018-11-14T08:17:03'
System info: host: 'ABE-LAPTOP', ip: '192.168.165.137', os.name: 'Windows 10', os.arch: 'amd64', os.version: '10.0', java.version: '1.8.0_321'
Driver info: org.openqa.selenium.chrome.ChromeDriver
Capabilities {acceptInsecureCerts: false, browserName: chrome, browserVersion: 102.0.5005.63, chrome: {chromedriverVersion: 102.0.5005.61 (0e59bcc00cc4..., userDataDir: C:\Users\abrah\AppData\Loca...}, goog:chromeOptions: {debuggerAddress: localhost:54321}, javascriptEnabled: true, networkConnectionEnabled: false, pageLoadStrategy: normal, platform: WINDOWS, platformName: WINDOWS, proxy: Proxy(), setWindowRect: true, strictFileInteractability: false, timeouts: {implicit: 0, pageLoad: 300000, script: 30000}, unhandledPromptBehavior: dismiss and notify, webauthn:extension:credBlob: true, webauthn:extension:largeBlob: true, webauthn:virtualAuthenticators: true}
Session ID: 738a1399bd43f2df67f840a8850240cd
*** Element info: {Using=id, value=preferred-class-input-trigger}]]>
            </message>
            <full-stacktrace>
              <![CDATA[org.openqa.selenium.NoSuchElementException: no such element: Unable to locate element: {"method":"css selector","selector":"#preferred\-class\-input\-trigger"}
  (Session info: chrome=102.0.5005.63)
For documentation on this error, please visit: https://www.seleniumhq.org/exceptions/no_such_element.html
Build info: version: '3.141.59', revision: 'e82be7d358', time: '2018-11-14T08:17:03'
System info: host: 'ABE-LAPTOP', ip: '192.168.165.137', os.name: 'Windows 10', os.arch: 'amd64', os.version: '10.0', java.version: '1.8.0_321'
Driver info: org.openqa.selenium.chrome.ChromeDriver
Capabilities {acceptInsecureCerts: false, browserName: chrome, browserVersion: 102.0.5005.63, chrome: {chromedriverVersion: 102.0.5005.61 (0e59bcc00cc4..., userDataDir: C:\Users\abrah\AppData\Loca...}, goog:chromeOptions: {debuggerAddress: localhost:54321}, javascriptEnabled: true, networkConnectionEnabled: false, pageLoadStrategy: normal, platform: WINDOWS, platformName: WINDOWS, proxy: Proxy(), setWindowRect: true, strictFileInteractability: false, timeouts: {implicit: 0, pageLoad: 300000, script: 30000}, unhandledPromptBehavior: dismiss and notify, webauthn:extension:credBlob: true, webauthn:extension:largeBlob: true, webauthn:virtualAuthenticators: true}
Session ID: 738a1399bd43f2df67f840a8850240cd
*** Element info: {Using=id, value=preferred-class-input-trigger}
at sun.reflect.NativeConstructorAccessorImpl.newInstance0(Native Method)
at sun.reflect.NativeConstructorAccessorImpl.newInstance(NativeConstructorAccessorImpl.java:62)
at sun.reflect.DelegatingConstructorAccessorImpl.newInstance(DelegatingConstructorAccessorImpl.java:45)
at java.lang.reflect.Constructor.newInstance(Constructor.java:423)
at org.openqa.selenium.remote.http.W3CHttpResponseCodec.createException(W3CHttpResponseCodec.java:187)
at org.openqa.selenium.remote.http.W3CHttpResponseCodec.decode(W3CHttpResponseCodec.java:122)
at org.openqa.selenium.remote.http.W3CHttpResponseCodec.decode(W3CHttpResponseCodec.java:49)
at org.openqa.selenium.remote.HttpCommandExecutor.execute(HttpCommandExecutor.java:158)
at org.openqa.selenium.remote.service.DriverCommandExecutor.execute(DriverCommandExecutor.java:83)
at org.openqa.selenium.remote.RemoteWebDriver.execute(RemoteWebDriver.java:552)
at org.openqa.selenium.remote.RemoteWebDriver.findElement(RemoteWebDriver.java:323)
at org.openqa.selenium.remote.RemoteWebDriver.findElementById(RemoteWebDriver.java:372)
at org.openqa.selenium.By$ById.findElement(By.java:188)
at org.openqa.selenium.remote.RemoteWebDriver.findElement(RemoteWebDriver.java:315)
at org.openqa.selenium.support.pagefactory.DefaultElementLocator.findElement(DefaultElementLocator.java:69)
at org.openqa.selenium.support.pagefactory.internal.LocatingElementHandler.invoke(LocatingElementHandler.java:38)
at com.sun.proxy.$Proxy7.click(Unknown Source)
at scripts._07_DropdownTest.testExpediaDropdowns(_07_DropdownTest.java:82)
at sun.reflect.NativeMethodAccessorImpl.invoke0(Native Method)
at sun.reflect.NativeMethodAccessorImpl.invoke(NativeMethodAccessorImpl.java:62)
at sun.reflect.DelegatingMethodAccessorImpl.invoke(DelegatingMethodAccessorImpl.java:43)
at java.lang.reflect.Method.invoke(Method.java:498)
at org.testng.internal.MethodInvocationHelper.invokeMethod(MethodInvocationHelper.java:134)
at org.testng.internal.TestInvoker.invokeMethod(TestInvoker.java:597)
at org.testng.internal.TestInvoker.invokeTestMethod(TestInvoker.java:173)
at org.testng.internal.MethodRunner.runInSequence(MethodRunner.java:46)
at org.testng.internal.TestInvoker$MethodInvocationAgent.invoke(TestInvoker.java:816)
at org.testng.internal.TestInvoker.invokeTestMethods(TestInvoker.java:146)
at org.testng.internal.TestMethodWorker.invokeTestMethods(TestMethodWorker.java:146)
at org.testng.internal.TestMethodWorker.run(TestMethodWorker.java:128)
at java.util.ArrayList.forEach(ArrayList.java:1259)
at org.testng.TestRunner.privateRun(TestRunner.java:766)
at org.testng.TestRunner.run(TestRunner.java:587)
at org.testng.SuiteRunner.runTest(SuiteRunner.java:384)
at org.testng.SuiteRunner.runSequentially(SuiteRunner.java:378)
at org.testng.SuiteRunner.privateRun(SuiteRunner.java:337)
at org.testng.SuiteRunner.run(SuiteRunner.java:286)
at org.testng.SuiteRunnerWorker.runSuite(SuiteRunnerWorker.java:53)
at org.testng.SuiteRunnerWorker.run(SuiteRunnerWorker.java:96)
at org.testng.TestNG.runSuitesSequentially(TestNG.java:1187)
at org.testng.TestNG.runSuitesLocally(TestNG.java:1109)
at org.testng.TestNG.runSuites(TestNG.java:1039)
at org.testng.TestNG.run(TestNG.java:1007)
at org.apache.maven.surefire.testng.TestNGExecutor.run(TestNGExecutor.java:281)
at org.apache.maven.surefire.testng.TestNGXmlTestSuite.execute(TestNGXmlTestSuite.java:75)
at org.apache.maven.surefire.testng.TestNGProvider.invoke(TestNGProvider.java:121)
at org.apache.maven.surefire.booter.ForkedBooter.invokeProviderInSameClassLoader(ForkedBooter.java:290)
at org.apache.maven.surefire.booter.ForkedBooter.runSuitesInProcess(ForkedBooter.java:242)
at org.apache.maven.surefire.booter.ForkedBooter.main(ForkedBooter.java:121)
]]>
            </full-stacktrace>
          </exception> <!-- org.openqa.selenium.NoSuchElementException -->
          <reporter-output>
          </reporter-output>
        </test-method> <!-- testExpediaDropdowns -->
        <test-method status="PASS" signature="teardown()[pri:0, instance:scripts._07_DropdownTest@6e06451e]" name="teardown" is-config="true" duration-ms="3990" started-at="2022-06-11T14:39:02 CDT" finished-at="2022-06-11T14:39:06 CDT">
          <reporter-output>
          </reporter-output>
        </test-method> <!-- teardown -->
        <test-method status="PASS" signature="setup()[pri:0, instance:scripts._07_DropdownTest@6e06451e]" name="setup" is-config="true" duration-ms="2115" started-at="2022-06-11T14:39:06 CDT" finished-at="2022-06-11T14:39:08 CDT">
          <reporter-output>
          </reporter-output>
        </test-method> <!-- setup -->
        <test-method status="PASS" signature="testEbayDropdown()[pri:3, instance:scripts._07_DropdownTest@6e06451e]" name="testEbayDropdown" duration-ms="0" started-at="2022-06-11T14:39:08 CDT" description="TC242: Validate Ebay dropdown" finished-at="2022-06-11T14:39:08 CDT">
          <reporter-output>
          </reporter-output>
        </test-method> <!-- testEbayDropdown -->
        <test-method status="PASS" signature="teardown()[pri:0, instance:scripts._07_DropdownTest@6e06451e]" name="teardown" is-config="true" duration-ms="3676" started-at="2022-06-11T14:39:08 CDT" finished-at="2022-06-11T14:39:12 CDT">
          <reporter-output>
          </reporter-output>
        </test-method> <!-- teardown -->
      </class> <!-- scripts._07_DropdownTest -->
      <class name="scripts._08_Alerts">
        <test-method status="PASS" signature="setup()[pri:0, instance:scripts._08_Alerts@59494225]" name="setup" is-config="true" duration-ms="2130" started-at="2022-06-11T14:39:12 CDT" finished-at="2022-06-11T14:39:14 CDT">
          <reporter-output>
          </reporter-output>
        </test-method> <!-- setup -->
        <test-method status="FAIL" signature="testEtsySignInModal()[pri:1, instance:scripts._08_Alerts@59494225]" name="testEtsySignInModal" duration-ms="23770" started-at="2022-06-11T14:39:14 CDT" description="TASK-1 - Regular HTML Alert" finished-at="2022-06-11T14:39:38 CDT">
          <exception class="java.lang.AssertionError">
            <message>
              <![CDATA[expected [true] but found [false]]]>
            </message>
            <full-stacktrace>
              <![CDATA[java.lang.AssertionError: expected [true] but found [false]
at org.testng.Assert.fail(Assert.java:97)
at org.testng.Assert.failNotEquals(Assert.java:969)
at org.testng.Assert.assertTrue(Assert.java:43)
at org.testng.Assert.assertTrue(Assert.java:53)
at scripts._08_Alerts.testEtsySignInModal(_08_Alerts.java:24)
at sun.reflect.NativeMethodAccessorImpl.invoke0(Native Method)
at sun.reflect.NativeMethodAccessorImpl.invoke(NativeMethodAccessorImpl.java:62)
at sun.reflect.DelegatingMethodAccessorImpl.invoke(DelegatingMethodAccessorImpl.java:43)
at java.lang.reflect.Method.invoke(Method.java:498)
at org.testng.internal.MethodInvocationHelper.invokeMethod(MethodInvocationHelper.java:134)
at org.testng.internal.TestInvoker.invokeMethod(TestInvoker.java:597)
at org.testng.internal.TestInvoker.invokeTestMethod(TestInvoker.java:173)
at org.testng.internal.MethodRunner.runInSequence(MethodRunner.java:46)
at org.testng.internal.TestInvoker$MethodInvocationAgent.invoke(TestInvoker.java:816)
at org.testng.internal.TestInvoker.invokeTestMethods(TestInvoker.java:146)
at org.testng.internal.TestMethodWorker.invokeTestMethods(TestMethodWorker.java:146)
at org.testng.internal.TestMethodWorker.run(TestMethodWorker.java:128)
at java.util.ArrayList.forEach(ArrayList.java:1259)
at org.testng.TestRunner.privateRun(TestRunner.java:766)
at org.testng.TestRunner.run(TestRunner.java:587)
at org.testng.SuiteRunner.runTest(SuiteRunner.java:384)
at org.testng.SuiteRunner.runSequentially(SuiteRunner.java:378)
at org.testng.SuiteRunner.privateRun(SuiteRunner.java:337)
at org.testng.SuiteRunner.run(SuiteRunner.java:286)
at org.testng.SuiteRunnerWorker.runSuite(SuiteRunnerWorker.java:53)
at org.testng.SuiteRunnerWorker.run(SuiteRunnerWorker.java:96)
at org.testng.TestNG.runSuitesSequentially(TestNG.java:1187)
at org.testng.TestNG.runSuitesLocally(TestNG.java:1109)
at org.testng.TestNG.runSuites(TestNG.java:1039)
at org.testng.TestNG.run(TestNG.java:1007)
at org.apache.maven.surefire.testng.TestNGExecutor.run(TestNGExecutor.java:281)
at org.apache.maven.surefire.testng.TestNGXmlTestSuite.execute(TestNGXmlTestSuite.java:75)
at org.apache.maven.surefire.testng.TestNGProvider.invoke(TestNGProvider.java:121)
at org.apache.maven.surefire.booter.ForkedBooter.invokeProviderInSameClassLoader(ForkedBooter.java:290)
at org.apache.maven.surefire.booter.ForkedBooter.runSuitesInProcess(ForkedBooter.java:242)
at org.apache.maven.surefire.booter.ForkedBooter.main(ForkedBooter.java:121)
]]>
            </full-stacktrace>
          </exception> <!-- java.lang.AssertionError -->
          <reporter-output>
          </reporter-output>
        </test-method> <!-- testEtsySignInModal -->
        <test-method status="PASS" signature="teardown()[pri:0, instance:scripts._08_Alerts@59494225]" name="teardown" is-config="true" duration-ms="9972" started-at="2022-06-11T14:39:38 CDT" finished-at="2022-06-11T14:39:48 CDT">
          <reporter-output>
          </reporter-output>
        </test-method> <!-- teardown -->
        <test-method status="PASS" signature="setup()[pri:0, instance:scripts._08_Alerts@59494225]" name="setup" is-config="true" duration-ms="2099" started-at="2022-06-11T14:39:48 CDT" finished-at="2022-06-11T14:39:50 CDT">
          <reporter-output>
          </reporter-output>
        </test-method> <!-- setup -->
        <test-method status="PASS" signature="testInformationWarningAlert()[pri:2, instance:scripts._08_Alerts@59494225]" name="testInformationWarningAlert" duration-ms="3102" started-at="2022-06-11T14:39:50 CDT" description="TASK-2 - Information-Warning alert" finished-at="2022-06-11T14:39:53 CDT">
          <reporter-output>
          </reporter-output>
        </test-method> <!-- testInformationWarningAlert -->
        <test-method status="PASS" signature="teardown()[pri:0, instance:scripts._08_Alerts@59494225]" name="teardown" is-config="true" duration-ms="3770" started-at="2022-06-11T14:39:53 CDT" finished-at="2022-06-11T14:39:57 CDT">
          <reporter-output>
          </reporter-output>
        </test-method> <!-- teardown -->
        <test-method status="PASS" signature="setup()[pri:0, instance:scripts._08_Alerts@59494225]" name="setup" is-config="true" duration-ms="2132" started-at="2022-06-11T14:39:57 CDT" finished-at="2022-06-11T14:39:59 CDT">
          <reporter-output>
          </reporter-output>
        </test-method> <!-- setup -->
        <test-method status="PASS" signature="testConfirmationAlert()[pri:3, instance:scripts._08_Alerts@59494225]" name="testConfirmationAlert" duration-ms="17832" started-at="2022-06-11T14:39:59 CDT" description=" TASK-3 Confirmation Alert" finished-at="2022-06-11T14:40:17 CDT">
          <reporter-output>
          </reporter-output>
        </test-method> <!-- testConfirmationAlert -->
        <test-method status="PASS" signature="teardown()[pri:0, instance:scripts._08_Alerts@59494225]" name="teardown" is-config="true" duration-ms="3710" started-at="2022-06-11T14:40:17 CDT" finished-at="2022-06-11T14:40:20 CDT">
          <reporter-output>
          </reporter-output>
        </test-method> <!-- teardown -->
        <test-method status="PASS" signature="setup()[pri:0, instance:scripts._08_Alerts@59494225]" name="setup" is-config="true" duration-ms="2104" started-at="2022-06-11T14:40:20 CDT" finished-at="2022-06-11T14:40:22 CDT">
          <reporter-output>
          </reporter-output>
        </test-method> <!-- setup -->
        <test-method status="PASS" signature="testPromptAlert()[pri:4, instance:scripts._08_Alerts@59494225]" name="testPromptAlert" duration-ms="16889" started-at="2022-06-11T14:40:22 CDT" description="TASK-4 Prompt Alert" finished-at="2022-06-11T14:40:39 CDT">
          <reporter-output>
          </reporter-output>
        </test-method> <!-- testPromptAlert -->
        <test-method status="PASS" signature="teardown()[pri:0, instance:scripts._08_Alerts@59494225]" name="teardown" is-config="true" duration-ms="3754" started-at="2022-06-11T14:40:39 CDT" finished-at="2022-06-11T14:40:43 CDT">
          <reporter-output>
          </reporter-output>
        </test-method> <!-- teardown -->
        <test-method status="PASS" signature="setup()[pri:0, instance:scripts._08_Alerts@59494225]" name="setup" is-config="true" duration-ms="2099" started-at="2022-06-11T14:40:43 CDT" finished-at="2022-06-11T14:40:45 CDT">
          <reporter-output>
          </reporter-output>
        </test-method> <!-- setup -->
        <test-method status="FAIL" signature="testAmazonAddressModal()[pri:5, instance:scripts._08_Alerts@59494225]" name="testAmazonAddressModal" duration-ms="33399" started-at="2022-06-11T14:40:45 CDT" description="TASK-5 - Amazon Address Modal" finished-at="2022-06-11T14:41:19 CDT">
          <exception class="java.lang.AssertionError">
            <message>
              <![CDATA[expected [true] but found [false]]]>
            </message>
            <full-stacktrace>
              <![CDATA[java.lang.AssertionError: expected [true] but found [false]
at org.testng.Assert.fail(Assert.java:97)
at org.testng.Assert.failNotEquals(Assert.java:969)
at org.testng.Assert.assertTrue(Assert.java:43)
at org.testng.Assert.assertTrue(Assert.java:53)
at scripts._08_Alerts.testAmazonAddressModal(_08_Alerts.java:152)
at sun.reflect.NativeMethodAccessorImpl.invoke0(Native Method)
at sun.reflect.NativeMethodAccessorImpl.invoke(NativeMethodAccessorImpl.java:62)
at sun.reflect.DelegatingMethodAccessorImpl.invoke(DelegatingMethodAccessorImpl.java:43)
at java.lang.reflect.Method.invoke(Method.java:498)
at org.testng.internal.MethodInvocationHelper.invokeMethod(MethodInvocationHelper.java:134)
at org.testng.internal.TestInvoker.invokeMethod(TestInvoker.java:597)
at org.testng.internal.TestInvoker.invokeTestMethod(TestInvoker.java:173)
at org.testng.internal.MethodRunner.runInSequence(MethodRunner.java:46)
at org.testng.internal.TestInvoker$MethodInvocationAgent.invoke(TestInvoker.java:816)
at org.testng.internal.TestInvoker.invokeTestMethods(TestInvoker.java:146)
at org.testng.internal.TestMethodWorker.invokeTestMethods(TestMethodWorker.java:146)
at org.testng.internal.TestMethodWorker.run(TestMethodWorker.java:128)
at java.util.ArrayList.forEach(ArrayList.java:1259)
at org.testng.TestRunner.privateRun(TestRunner.java:766)
at org.testng.TestRunner.run(TestRunner.java:587)
at org.testng.SuiteRunner.runTest(SuiteRunner.java:384)
at org.testng.SuiteRunner.runSequentially(SuiteRunner.java:378)
at org.testng.SuiteRunner.privateRun(SuiteRunner.java:337)
at org.testng.SuiteRunner.run(SuiteRunner.java:286)
at org.testng.SuiteRunnerWorker.runSuite(SuiteRunnerWorker.java:53)
at org.testng.SuiteRunnerWorker.run(SuiteRunnerWorker.java:96)
at org.testng.TestNG.runSuitesSequentially(TestNG.java:1187)
at org.testng.TestNG.runSuitesLocally(TestNG.java:1109)
at org.testng.TestNG.runSuites(TestNG.java:1039)
at org.testng.TestNG.run(TestNG.java:1007)
at org.apache.maven.surefire.testng.TestNGExecutor.run(TestNGExecutor.java:281)
at org.apache.maven.surefire.testng.TestNGXmlTestSuite.execute(TestNGXmlTestSuite.java:75)
at org.apache.maven.surefire.testng.TestNGProvider.invoke(TestNGProvider.java:121)
at org.apache.maven.surefire.booter.ForkedBooter.invokeProviderInSameClassLoader(ForkedBooter.java:290)
at org.apache.maven.surefire.booter.ForkedBooter.runSuitesInProcess(ForkedBooter.java:242)
at org.apache.maven.surefire.booter.ForkedBooter.main(ForkedBooter.java:121)
]]>
            </full-stacktrace>
          </exception> <!-- java.lang.AssertionError -->
          <reporter-output>
          </reporter-output>
        </test-method> <!-- testAmazonAddressModal -->
        <test-method status="PASS" signature="teardown()[pri:0, instance:scripts._08_Alerts@59494225]" name="teardown" is-config="true" duration-ms="3758" started-at="2022-06-11T14:41:19 CDT" finished-at="2022-06-11T14:41:22 CDT">
          <reporter-output>
          </reporter-output>
        </test-method> <!-- teardown -->
      </class> <!-- scripts._08_Alerts -->
      <class name="scripts._01_AppleTest">
        <test-method status="PASS" signature="setup()[pri:0, instance:scripts._01_AppleTest@1e397ed7]" name="setup" is-config="true" duration-ms="3741" started-at="2022-06-11T14:35:34 CDT" finished-at="2022-06-11T14:35:37 CDT">
          <reporter-output>
          </reporter-output>
        </test-method> <!-- setup -->
        <test-method status="PASS" signature="testAppleURL()[pri:2, instance:scripts._01_AppleTest@1e397ed7]" name="testAppleURL" duration-ms="5400" started-at="2022-06-11T14:35:37 CDT" description="TC873" finished-at="2022-06-11T14:35:43 CDT">
          <reporter-output>
          </reporter-output>
        </test-method> <!-- testAppleURL -->
        <test-method status="PASS" signature="teardown()[pri:0, instance:scripts._01_AppleTest@1e397ed7]" name="teardown" is-config="true" duration-ms="8214" started-at="2022-06-11T14:35:43 CDT" finished-at="2022-06-11T14:35:51 CDT">
          <reporter-output>
          </reporter-output>
        </test-method> <!-- teardown -->
      </class> <!-- scripts._01_AppleTest -->
      <class name="scripts._06_RadioButtonTest">
        <test-method status="PASS" signature="setup()[pri:0, instance:scripts._06_RadioButtonTest@72d818d1]" name="setup" is-config="true" duration-ms="2081" started-at="2022-06-11T14:36:42 CDT" finished-at="2022-06-11T14:36:44 CDT">
          <reporter-output>
          </reporter-output>
        </test-method> <!-- setup -->
        <test-method status="PASS" signature="testFacebookGenderRadioButtons()[pri:1, instance:scripts._06_RadioButtonTest@72d818d1]" name="testFacebookGenderRadioButtons" duration-ms="29344" started-at="2022-06-11T14:36:44 CDT" description="TC234: Validate Facebook gender radio buttons" finished-at="2022-06-11T14:37:13 CDT">
          <reporter-output>
          </reporter-output>
        </test-method> <!-- testFacebookGenderRadioButtons -->
        <test-method status="PASS" signature="teardown()[pri:0, instance:scripts._06_RadioButtonTest@72d818d1]" name="teardown" is-config="true" duration-ms="3722" started-at="2022-06-11T14:37:13 CDT" finished-at="2022-06-11T14:37:17 CDT">
          <reporter-output>
          </reporter-output>
        </test-method> <!-- teardown -->
      </class> <!-- scripts._06_RadioButtonTest -->
      <class name="scripts._10_WindowHandles">
        <test-method status="PASS" signature="setup()[pri:0, instance:scripts._10_WindowHandles@5cb9f472]" name="setup" is-config="true" duration-ms="2611" started-at="2022-06-11T14:42:34 CDT" finished-at="2022-06-11T14:42:36 CDT">
          <reporter-output>
          </reporter-output>
        </test-method> <!-- setup -->
        <test-method status="PASS" signature="testTechGlobalSchoolFacebookIcon()[pri:1, instance:scripts._10_WindowHandles@5cb9f472]" name="testTechGlobalSchoolFacebookIcon" duration-ms="4767" started-at="2022-06-11T14:42:36 CDT" description="TEST CASE 1: Validate FaceBook social media icon for TechGlobal School" finished-at="2022-06-11T14:42:41 CDT">
          <reporter-output>
          </reporter-output>
        </test-method> <!-- testTechGlobalSchoolFacebookIcon -->
        <test-method status="PASS" signature="teardown()[pri:0, instance:scripts._10_WindowHandles@5cb9f472]" name="teardown" is-config="true" duration-ms="3887" started-at="2022-06-11T14:42:41 CDT" finished-at="2022-06-11T14:42:45 CDT">
          <reporter-output>
          </reporter-output>
        </test-method> <!-- teardown -->
        <test-method status="PASS" signature="setup()[pri:0, instance:scripts._10_WindowHandles@5cb9f472]" name="setup" is-config="true" duration-ms="2488" started-at="2022-06-11T14:42:45 CDT" finished-at="2022-06-11T14:42:47 CDT">
          <reporter-output>
          </reporter-output>
        </test-method> <!-- setup -->
        <test-method status="PASS" signature="heading3()[pri:2, instance:scripts._10_WindowHandles@5cb9f472]" name="heading3" duration-ms="3395" started-at="2022-06-11T14:42:47 CDT" description="TEST CASE 2: Multiple Windows" finished-at="2022-06-11T14:42:51 CDT">
          <reporter-output>
          </reporter-output>
        </test-method> <!-- heading3 -->
        <test-method status="PASS" signature="teardown()[pri:0, instance:scripts._10_WindowHandles@5cb9f472]" name="teardown" is-config="true" duration-ms="3724" started-at="2022-06-11T14:42:51 CDT" finished-at="2022-06-11T14:42:54 CDT">
          <reporter-output>
          </reporter-output>
        </test-method> <!-- teardown -->
      </class> <!-- scripts._10_WindowHandles -->
      <class name="scripts._04_GoogleSearchTest">
        <test-method status="PASS" signature="setup()[pri:0, instance:scripts._04_GoogleSearchTest@56ac3a89]" name="setup" is-config="true" duration-ms="2288" started-at="2022-06-11T14:36:15 CDT" finished-at="2022-06-11T14:36:18 CDT">
          <reporter-output>
          </reporter-output>
        </test-method> <!-- setup -->
        <test-method status="PASS" signature="testGoogleStoreLink()[pri:2, instance:scripts._04_GoogleSearchTest@56ac3a89]" name="testGoogleStoreLink" duration-ms="4024" started-at="2022-06-11T14:36:18 CDT" description="TC123: Validate Google Store link" finished-at="2022-06-11T14:36:22 CDT">
          <reporter-output>
          </reporter-output>
        </test-method> <!-- testGoogleStoreLink -->
        <test-method status="PASS" signature="teardown()[pri:0, instance:scripts._04_GoogleSearchTest@56ac3a89]" name="teardown" is-config="true" duration-ms="3809" started-at="2022-06-11T14:36:22 CDT" finished-at="2022-06-11T14:36:25 CDT">
          <reporter-output>
          </reporter-output>
        </test-method> <!-- teardown -->
      </class> <!-- scripts._04_GoogleSearchTest -->
      <class name="scripts._12_Actions_Class">
        <test-method status="PASS" signature="setup()[pri:0, instance:scripts._12_Actions_Class@13805618]" name="setup" is-config="true" duration-ms="2276" started-at="2022-06-11T14:43:23 CDT" finished-at="2022-06-11T14:43:26 CDT">
          <reporter-output>
          </reporter-output>
        </test-method> <!-- setup -->
        <test-method status="PASS" signature="moveToElementPractice1()[pri:1, instance:scripts._12_Actions_Class@13805618]" name="moveToElementPractice1" duration-ms="7452" started-at="2022-06-11T14:43:26 CDT" description="Actions | move to element 1" finished-at="2022-06-11T14:43:33 CDT">
          <reporter-output>
          </reporter-output>
        </test-method> <!-- moveToElementPractice1 -->
        <test-method status="PASS" signature="teardown()[pri:0, instance:scripts._12_Actions_Class@13805618]" name="teardown" is-config="true" duration-ms="3791" started-at="2022-06-11T14:43:33 CDT" finished-at="2022-06-11T14:43:37 CDT">
          <reporter-output>
          </reporter-output>
        </test-method> <!-- teardown -->
        <test-method status="PASS" signature="setup()[pri:0, instance:scripts._12_Actions_Class@13805618]" name="setup" is-config="true" duration-ms="2272" started-at="2022-06-11T14:43:37 CDT" finished-at="2022-06-11T14:43:39 CDT">
          <reporter-output>
          </reporter-output>
        </test-method> <!-- setup -->
        <test-method status="PASS" signature="moveToElementPractice2()[pri:2, instance:scripts._12_Actions_Class@13805618]" name="moveToElementPractice2" duration-ms="20786" started-at="2022-06-11T14:43:39 CDT" description="Actions class | move to element 2" finished-at="2022-06-11T14:44:00 CDT">
          <reporter-output>
          </reporter-output>
        </test-method> <!-- moveToElementPractice2 -->
        <test-method status="PASS" signature="teardown()[pri:0, instance:scripts._12_Actions_Class@13805618]" name="teardown" is-config="true" duration-ms="4130" started-at="2022-06-11T14:44:00 CDT" finished-at="2022-06-11T14:44:04 CDT">
          <reporter-output>
          </reporter-output>
        </test-method> <!-- teardown -->
        <test-method status="PASS" signature="setup()[pri:0, instance:scripts._12_Actions_Class@13805618]" name="setup" is-config="true" duration-ms="2360" started-at="2022-06-11T14:44:04 CDT" finished-at="2022-06-11T14:44:06 CDT">
          <reporter-output>
          </reporter-output>
        </test-method> <!-- setup -->
        <test-method status="PASS" signature="clickOnElementPractice()[pri:3, instance:scripts._12_Actions_Class@13805618]" name="clickOnElementPractice" duration-ms="7546" started-at="2022-06-11T14:44:06 CDT" description="Actions | Click" finished-at="2022-06-11T14:44:14 CDT">
          <reporter-output>
          </reporter-output>
        </test-method> <!-- clickOnElementPractice -->
        <test-method status="PASS" signature="teardown()[pri:0, instance:scripts._12_Actions_Class@13805618]" name="teardown" is-config="true" duration-ms="3859" started-at="2022-06-11T14:44:14 CDT" finished-at="2022-06-11T14:44:18 CDT">
          <reporter-output>
          </reporter-output>
        </test-method> <!-- teardown -->
        <test-method status="PASS" signature="setup()[pri:0, instance:scripts._12_Actions_Class@13805618]" name="setup" is-config="true" duration-ms="2299" started-at="2022-06-11T14:44:18 CDT" finished-at="2022-06-11T14:44:20 CDT">
          <reporter-output>
          </reporter-output>
        </test-method> <!-- setup -->
        <test-method status="PASS" signature="rightClickOnElementPractice()[pri:4, instance:scripts._12_Actions_Class@13805618]" name="rightClickOnElementPractice" duration-ms="5475" started-at="2022-06-11T14:44:20 CDT" description="Actions | Right Click" finished-at="2022-06-11T14:44:26 CDT">
          <reporter-output>
          </reporter-output>
        </test-method> <!-- rightClickOnElementPractice -->
        <test-method status="PASS" signature="teardown()[pri:0, instance:scripts._12_Actions_Class@13805618]" name="teardown" is-config="true" duration-ms="3764" started-at="2022-06-11T14:44:26 CDT" finished-at="2022-06-11T14:44:29 CDT">
          <reporter-output>
          </reporter-output>
        </test-method> <!-- teardown -->
        <test-method status="PASS" signature="setup()[pri:0, instance:scripts._12_Actions_Class@13805618]" name="setup" is-config="true" duration-ms="2242" started-at="2022-06-11T14:44:29 CDT" finished-at="2022-06-11T14:44:32 CDT">
          <reporter-output>
          </reporter-output>
        </test-method> <!-- setup -->
        <test-method status="PASS" signature="clickHoldAndReleasePractice()[pri:5, instance:scripts._12_Actions_Class@13805618]" name="clickHoldAndReleasePractice" duration-ms="23544" started-at="2022-06-11T14:44:32 CDT" description="Actions | Click - hold and release | Drag and drop" finished-at="2022-06-11T14:44:55 CDT">
          <reporter-output>
          </reporter-output>
        </test-method> <!-- clickHoldAndReleasePractice -->
        <test-method status="PASS" signature="teardown()[pri:0, instance:scripts._12_Actions_Class@13805618]" name="teardown" is-config="true" duration-ms="3843" started-at="2022-06-11T14:44:55 CDT" finished-at="2022-06-11T14:44:59 CDT">
          <reporter-output>
          </reporter-output>
        </test-method> <!-- teardown -->
        <test-method status="PASS" signature="setup()[pri:0, instance:scripts._12_Actions_Class@13805618]" name="setup" is-config="true" duration-ms="2308" started-at="2022-06-11T14:44:59 CDT" finished-at="2022-06-11T14:45:01 CDT">
          <reporter-output>
          </reporter-output>
        </test-method> <!-- setup -->
        <test-method status="PASS" signature="sendKeysToAnElement()[pri:6, instance:scripts._12_Actions_Class@13805618]" name="sendKeysToAnElement" duration-ms="25575" started-at="2022-06-11T14:45:01 CDT" description="Actions | Send Keys to an element" finished-at="2022-06-11T14:45:27 CDT">
          <reporter-output>
          </reporter-output>
        </test-method> <!-- sendKeysToAnElement -->
        <test-method status="PASS" signature="teardown()[pri:0, instance:scripts._12_Actions_Class@13805618]" name="teardown" is-config="true" duration-ms="3683" started-at="2022-06-11T14:45:27 CDT" finished-at="2022-06-11T14:45:30 CDT">
          <reporter-output>
          </reporter-output>
        </test-method> <!-- teardown -->
        <test-method status="PASS" signature="setup()[pri:0, instance:scripts._12_Actions_Class@13805618]" name="setup" is-config="true" duration-ms="2341" started-at="2022-06-11T14:45:30 CDT" finished-at="2022-06-11T14:45:33 CDT">
          <reporter-output>
          </reporter-output>
        </test-method> <!-- setup -->
        <test-method status="PASS" signature="practiceKeyDownAndKeyUp()[pri:7, instance:scripts._12_Actions_Class@13805618]" name="practiceKeyDownAndKeyUp" duration-ms="15848" started-at="2022-06-11T14:45:33 CDT" description="Actions | key down and key up" finished-at="2022-06-11T14:45:49 CDT">
          <reporter-output>
          </reporter-output>
        </test-method> <!-- practiceKeyDownAndKeyUp -->
        <test-method status="PASS" signature="teardown()[pri:0, instance:scripts._12_Actions_Class@13805618]" name="teardown" is-config="true" duration-ms="3757" started-at="2022-06-11T14:45:49 CDT" finished-at="2022-06-11T14:45:52 CDT">
          <reporter-output>
          </reporter-output>
        </test-method> <!-- teardown -->
      </class> <!-- scripts._12_Actions_Class -->
      <class name="scripts._05_CheckBoxTest">
        <test-method status="PASS" signature="setup()[pri:0, instance:scripts._05_CheckBoxTest@27c20538]" name="setup" is-config="true" duration-ms="2196" started-at="2022-06-11T14:36:25 CDT" finished-at="2022-06-11T14:36:28 CDT">
          <reporter-output>
          </reporter-output>
        </test-method> <!-- setup -->
        <test-method status="PASS" signature="testCheckBoxInHeroApp()[pri:1, instance:scripts._05_CheckBoxTest@27c20538]" name="testCheckBoxInHeroApp" duration-ms="10782" started-at="2022-06-11T14:36:28 CDT" description="TC001: Validate checkbox in hero app" finished-at="2022-06-11T14:36:38 CDT">
          <reporter-output>
          </reporter-output>
        </test-method> <!-- testCheckBoxInHeroApp -->
        <test-method status="PASS" signature="teardown()[pri:0, instance:scripts._05_CheckBoxTest@27c20538]" name="teardown" is-config="true" duration-ms="3703" started-at="2022-06-11T14:36:38 CDT" finished-at="2022-06-11T14:36:42 CDT">
          <reporter-output>
          </reporter-output>
        </test-method> <!-- teardown -->
      </class> <!-- scripts._05_CheckBoxTest -->
    </test> <!-- All Functionalities -->
  </suite> <!-- Regression -->
</testng-results>
